<?xml version="1.0" encoding="UTF-8"?>
<!-- Generated by org.testng.reporters.JUnitXMLReporter -->
<testsuite hostname="Loveleens-MacBook-Air.local" ignored="0" name="Test" tests="3" failures="0" timestamp="2020-06-29T02:48:17 IST" time="18.432" errors="0">
  <testcase name="translatorMenuItem" time="6.894" classname="TestCases.HomePage"/>
  <testcase name="homePageNavigation" time="4.724" classname="TestCases.HomePage"/>
  <testcase name="homePageNavigation" time="4.401" classname="TestCases.HomePage"/>
</testsuite> <!-- Test -->
