<?xml version="1.0" encoding="UTF-8"?>
<testng-results skipped="0" failed="0" ignored="0" total="3" passed="3">
  <reporter-output>
  </reporter-output>
  <suite name="Suite" duration-ms="18432" started-at="2020-06-29T02:47:54 IST" finished-at="2020-06-29T02:48:12 IST">
    <groups>
    </groups>
    <test name="Test" duration-ms="18432" started-at="2020-06-29T02:47:54 IST" finished-at="2020-06-29T02:48:12 IST">
      <class name="TestCases.HomePage">
        <test-method status="PASS" signature="startDriver()[pri:0, instance:TestCases.HomePage@343570b7]" name="startDriver" is-config="true" duration-ms="2201" started-at="2020-06-29T02:47:54 IST" finished-at="2020-06-29T02:47:56 IST">
          <reporter-output>
          </reporter-output>
        </test-method> <!-- startDriver -->
        <test-method status="PASS" signature="translatorMenuItem()[pri:1, instance:TestCases.HomePage@343570b7]" name="translatorMenuItem" duration-ms="6894" started-at="2020-06-29T02:47:56 IST" finished-at="2020-06-29T02:48:03 IST">
          <reporter-output>
          </reporter-output>
        </test-method> <!-- translatorMenuItem -->
        <test-method status="PASS" signature="homePageNavigation(java.lang.String, java.lang.String)[pri:2, instance:TestCases.HomePage@343570b7]" name="homePageNavigation" duration-ms="4724" started-at="2020-06-29T02:48:03 IST" data-provider="getData" finished-at="2020-06-29T02:48:08 IST">
          <params>
            <param index="0">
              <value>
                <![CDATA[loveleen@yopmail.com]]>
              </value>
            </param>
            <param index="1">
              <value>
                <![CDATA[password1]]>
              </value>
            </param>
          </params>
          <reporter-output>
          </reporter-output>
        </test-method> <!-- homePageNavigation -->
        <test-method status="PASS" signature="homePageNavigation(java.lang.String, java.lang.String)[pri:2, instance:TestCases.HomePage@343570b7]" name="homePageNavigation" duration-ms="4401" started-at="2020-06-29T02:48:08 IST" data-provider="getData" finished-at="2020-06-29T02:48:12 IST">
          <params>
            <param index="0">
              <value>
                <![CDATA[loveleen@yopmail.com]]>
              </value>
            </param>
            <param index="1">
              <value>
                <![CDATA[password]]>
              </value>
            </param>
          </params>
          <reporter-output>
          </reporter-output>
        </test-method> <!-- homePageNavigation -->
        <test-method status="PASS" signature="teardown()[pri:0, instance:TestCases.HomePage@343570b7]" name="teardown" is-config="true" duration-ms="147" started-at="2020-06-29T02:48:12 IST" finished-at="2020-06-29T02:48:12 IST">
          <reporter-output>
          </reporter-output>
        </test-method> <!-- teardown -->
      </class> <!-- TestCases.HomePage -->
    </test> <!-- Test -->
  </suite> <!-- Suite -->
</testng-results>
